<?xml version="1.0" encoding="UTF-8"?>
<testsuite xmlns:xsi="http://www.w3.org/2001/XMLSchema-instance" xsi:noNamespaceSchemaLocation="https://maven.apache.org/surefire/maven-surefire-plugin/xsd/surefire-test-report.xsd" name="com.springcloud.AppTest" time="0.142" tests="1" errors="0" skipped="0" failures="0">
  <properties>
    <property name="sun.desktop" value="windows"/>
    <property name="awt.toolkit" value="sun.awt.windows.WToolkit"/>
    <property name="file.encoding.pkg" value="sun.io"/>
    <property name="java.specification.version" value="1.8"/>
    <property name="sun.cpu.isalist" value="amd64"/>
    <property name="sun.jnu.encoding" value="GBK"/>
    <property name="java.class.path" value="E:\JAVA\IDEA\worksapce\spring-cloud-netflix\spring-cloud-order-serivce-8082\order-service-api\target\test-classes;E:\JAVA\IDEA\worksapce\spring-cloud-netflix\spring-cloud-order-serivce-8082\order-service-api\target\classes;F:\Java\maven\maven-repository\org\springframework\boot\spring-boot-starter-web\2.3.0.RELEASE\spring-boot-starter-web-2.3.0.RELEASE.jar;F:\Java\maven\maven-repository\org\springframework\boot\spring-boot-starter\2.3.0.RELEASE\spring-boot-starter-2.3.0.RELEASE.jar;F:\Java\maven\maven-repository\org\springframework\boot\spring-boot\2.3.0.RELEASE\spring-boot-2.3.0.RELEASE.jar;F:\Java\maven\maven-repository\org\springframework\boot\spring-boot-autoconfigure\2.3.0.RELEASE\spring-boot-autoconfigure-2.3.0.RELEASE.jar;F:\Java\maven\maven-repository\org\springframework\boot\spring-boot-starter-logging\2.3.0.RELEASE\spring-boot-starter-logging-2.3.0.RELEASE.jar;F:\Java\maven\maven-repository\ch\qos\logback\logback-classic\1.2.3\logback-classic-1.2.3.jar;F:\Java\maven\maven-repository\ch\qos\logback\logback-core\1.2.3\logback-core-1.2.3.jar;F:\Java\maven\maven-repository\org\apache\logging\log4j\log4j-to-slf4j\2.13.2\log4j-to-slf4j-2.13.2.jar;F:\Java\maven\maven-repository\org\apache\logging\log4j\log4j-api\2.13.2\log4j-api-2.13.2.jar;F:\Java\maven\maven-repository\org\slf4j\jul-to-slf4j\1.7.30\jul-to-slf4j-1.7.30.jar;F:\Java\maven\maven-repository\jakarta\annotation\jakarta.annotation-api\1.3.5\jakarta.annotation-api-1.3.5.jar;F:\Java\maven\maven-repository\org\springframework\spring-core\5.2.6.RELEASE\spring-core-5.2.6.RELEASE.jar;F:\Java\maven\maven-repository\org\springframework\spring-jcl\5.2.6.RELEASE\spring-jcl-5.2.6.RELEASE.jar;F:\Java\maven\maven-repository\org\yaml\snakeyaml\1.26\snakeyaml-1.26.jar;F:\Java\maven\maven-repository\org\springframework\boot\spring-boot-starter-json\2.3.0.RELEASE\spring-boot-starter-json-2.3.0.RELEASE.jar;F:\Java\maven\maven-repository\com\fasterxml\jackson\core\jackson-databind\2.11.0\jackson-databind-2.11.0.jar;F:\Java\maven\maven-repository\com\fasterxml\jackson\core\jackson-annotations\2.11.0\jackson-annotations-2.11.0.jar;F:\Java\maven\maven-repository\com\fasterxml\jackson\core\jackson-core\2.11.0\jackson-core-2.11.0.jar;F:\Java\maven\maven-repository\com\fasterxml\jackson\datatype\jackson-datatype-jdk8\2.11.0\jackson-datatype-jdk8-2.11.0.jar;F:\Java\maven\maven-repository\com\fasterxml\jackson\datatype\jackson-datatype-jsr310\2.11.0\jackson-datatype-jsr310-2.11.0.jar;F:\Java\maven\maven-repository\com\fasterxml\jackson\module\jackson-module-parameter-names\2.11.0\jackson-module-parameter-names-2.11.0.jar;F:\Java\maven\maven-repository\org\springframework\boot\spring-boot-starter-tomcat\2.3.0.RELEASE\spring-boot-starter-tomcat-2.3.0.RELEASE.jar;F:\Java\maven\maven-repository\org\apache\tomcat\embed\tomcat-embed-core\9.0.35\tomcat-embed-core-9.0.35.jar;F:\Java\maven\maven-repository\org\glassfish\jakarta.el\3.0.3\jakarta.el-3.0.3.jar;F:\Java\maven\maven-repository\org\apache\tomcat\embed\tomcat-embed-websocket\9.0.35\tomcat-embed-websocket-9.0.35.jar;F:\Java\maven\maven-repository\org\springframework\spring-web\5.2.6.RELEASE\spring-web-5.2.6.RELEASE.jar;F:\Java\maven\maven-repository\org\springframework\spring-beans\5.2.6.RELEASE\spring-beans-5.2.6.RELEASE.jar;F:\Java\maven\maven-repository\org\springframework\spring-webmvc\5.2.6.RELEASE\spring-webmvc-5.2.6.RELEASE.jar;F:\Java\maven\maven-repository\org\springframework\spring-aop\5.2.6.RELEASE\spring-aop-5.2.6.RELEASE.jar;F:\Java\maven\maven-repository\org\springframework\spring-context\5.2.6.RELEASE\spring-context-5.2.6.RELEASE.jar;F:\Java\maven\maven-repository\org\springframework\spring-expression\5.2.6.RELEASE\spring-expression-5.2.6.RELEASE.jar;F:\Java\maven\maven-repository\org\springframework\cloud\spring-cloud-starter-openfeign\2.2.3.RELEASE\spring-cloud-starter-openfeign-2.2.3.RELEASE.jar;F:\Java\maven\maven-repository\org\springframework\cloud\spring-cloud-starter\2.2.3.RELEASE\spring-cloud-starter-2.2.3.RELEASE.jar;F:\Java\maven\maven-repository\org\springframework\cloud\spring-cloud-context\2.2.3.RELEASE\spring-cloud-context-2.2.3.RELEASE.jar;F:\Java\maven\maven-repository\org\springframework\security\spring-security-rsa\1.0.9.RELEASE\spring-security-rsa-1.0.9.RELEASE.jar;F:\Java\maven\maven-repository\org\bouncycastle\bcpkix-jdk15on\1.64\bcpkix-jdk15on-1.64.jar;F:\Java\maven\maven-repository\org\bouncycastle\bcprov-jdk15on\1.64\bcprov-jdk15on-1.64.jar;F:\Java\maven\maven-repository\org\springframework\cloud\spring-cloud-openfeign-core\2.2.3.RELEASE\spring-cloud-openfeign-core-2.2.3.RELEASE.jar;F:\Java\maven\maven-repository\org\springframework\cloud\spring-cloud-netflix-ribbon\2.2.3.RELEASE\spring-cloud-netflix-ribbon-2.2.3.RELEASE.jar;F:\Java\maven\maven-repository\org\springframework\cloud\spring-cloud-netflix-archaius\2.2.3.RELEASE\spring-cloud-netflix-archaius-2.2.3.RELEASE.jar;F:\Java\maven\maven-repository\org\springframework\boot\spring-boot-starter-aop\2.3.0.RELEASE\spring-boot-starter-aop-2.3.0.RELEASE.jar;F:\Java\maven\maven-repository\org\aspectj\aspectjweaver\1.9.5\aspectjweaver-1.9.5.jar;F:\Java\maven\maven-repository\io\github\openfeign\form\feign-form-spring\3.8.0\feign-form-spring-3.8.0.jar;F:\Java\maven\maven-repository\io\github\openfeign\form\feign-form\3.8.0\feign-form-3.8.0.jar;F:\Java\maven\maven-repository\commons-fileupload\commons-fileupload\1.4\commons-fileupload-1.4.jar;F:\Java\maven\maven-repository\commons-io\commons-io\2.2\commons-io-2.2.jar;F:\Java\maven\maven-repository\org\springframework\cloud\spring-cloud-commons\2.2.3.RELEASE\spring-cloud-commons-2.2.3.RELEASE.jar;F:\Java\maven\maven-repository\org\springframework\security\spring-security-crypto\5.3.2.RELEASE\spring-security-crypto-5.3.2.RELEASE.jar;F:\Java\maven\maven-repository\io\github\openfeign\feign-core\10.10.1\feign-core-10.10.1.jar;F:\Java\maven\maven-repository\io\github\openfeign\feign-slf4j\10.10.1\feign-slf4j-10.10.1.jar;F:\Java\maven\maven-repository\org\slf4j\slf4j-api\1.7.30\slf4j-api-1.7.30.jar;F:\Java\maven\maven-repository\io\github\openfeign\feign-hystrix\10.10.1\feign-hystrix-10.10.1.jar;F:\Java\maven\maven-repository\com\netflix\archaius\archaius-core\0.7.6\archaius-core-0.7.6.jar;F:\Java\maven\maven-repository\com\google\code\findbugs\jsr305\3.0.1\jsr305-3.0.1.jar;F:\Java\maven\maven-repository\commons-configuration\commons-configuration\1.8\commons-configuration-1.8.jar;F:\Java\maven\maven-repository\commons-lang\commons-lang\2.6\commons-lang-2.6.jar;F:\Java\maven\maven-repository\com\google\guava\guava\29.0-android\guava-29.0-android.jar;F:\Java\maven\maven-repository\com\google\guava\failureaccess\1.0.1\failureaccess-1.0.1.jar;F:\Java\maven\maven-repository\com\google\guava\listenablefuture\9999.0-empty-to-avoid-conflict-with-guava\listenablefuture-9999.0-empty-to-avoid-conflict-with-guava.jar;F:\Java\maven\maven-repository\org\checkerframework\checker-compat-qual\2.5.5\checker-compat-qual-2.5.5.jar;F:\Java\maven\maven-repository\com\google\errorprone\error_prone_annotations\2.3.4\error_prone_annotations-2.3.4.jar;F:\Java\maven\maven-repository\com\google\j2objc\j2objc-annotations\1.3\j2objc-annotations-1.3.jar;F:\Java\maven\maven-repository\com\netflix\hystrix\hystrix-core\1.5.18\hystrix-core-1.5.18.jar;F:\Java\maven\maven-repository\io\reactivex\rxjava\1.3.8\rxjava-1.3.8.jar;F:\Java\maven\maven-repository\org\hdrhistogram\HdrHistogram\2.1.9\HdrHistogram-2.1.9.jar;F:\Java\maven\maven-repository\junit\junit\4.11\junit-4.11.jar;F:\Java\maven\maven-repository\org\hamcrest\hamcrest-core\2.2\hamcrest-core-2.2.jar;F:\Java\maven\maven-repository\org\hamcrest\hamcrest\2.2\hamcrest-2.2.jar;"/>
    <property name="java.vm.vendor" value="Oracle Corporation"/>
    <property name="sun.arch.data.model" value="64"/>
    <property name="user.variant" value=""/>
    <property name="java.vendor.url" value="http://java.oracle.com/"/>
    <property name="user.timezone" value="Asia/Shanghai"/>
    <property name="java.vm.specification.version" value="1.8"/>
    <property name="os.name" value="Windows 10"/>
    <property name="user.country" value="CN"/>
    <property name="sun.java.launcher" value="SUN_STANDARD"/>
    <property name="sun.boot.library.path" value="C:\Program Files\Java\jdk1.8.0_131\jre\bin"/>
    <property name="sun.java.command" value="C:\Users\lenovo\AppData\Local\Temp\surefire8471383567503313162\surefirebooter4306344512630350831.jar C:\Users\lenovo\AppData\Local\Temp\surefire8471383567503313162 2020-07-19T16-09-31_054-jvmRun1 surefire1873316632112106281tmp surefire_04849947822316032900tmp"/>
    <property name="surefire.test.class.path" value="E:\JAVA\IDEA\worksapce\spring-cloud-netflix\spring-cloud-order-serivce-8082\order-service-api\target\test-classes;E:\JAVA\IDEA\worksapce\spring-cloud-netflix\spring-cloud-order-serivce-8082\order-service-api\target\classes;F:\Java\maven\maven-repository\org\springframework\boot\spring-boot-starter-web\2.3.0.RELEASE\spring-boot-starter-web-2.3.0.RELEASE.jar;F:\Java\maven\maven-repository\org\springframework\boot\spring-boot-starter\2.3.0.RELEASE\spring-boot-starter-2.3.0.RELEASE.jar;F:\Java\maven\maven-repository\org\springframework\boot\spring-boot\2.3.0.RELEASE\spring-boot-2.3.0.RELEASE.jar;F:\Java\maven\maven-repository\org\springframework\boot\spring-boot-autoconfigure\2.3.0.RELEASE\spring-boot-autoconfigure-2.3.0.RELEASE.jar;F:\Java\maven\maven-repository\org\springframework\boot\spring-boot-starter-logging\2.3.0.RELEASE\spring-boot-starter-logging-2.3.0.RELEASE.jar;F:\Java\maven\maven-repository\ch\qos\logback\logback-classic\1.2.3\logback-classic-1.2.3.jar;F:\Java\maven\maven-repository\ch\qos\logback\logback-core\1.2.3\logback-core-1.2.3.jar;F:\Java\maven\maven-repository\org\apache\logging\log4j\log4j-to-slf4j\2.13.2\log4j-to-slf4j-2.13.2.jar;F:\Java\maven\maven-repository\org\apache\logging\log4j\log4j-api\2.13.2\log4j-api-2.13.2.jar;F:\Java\maven\maven-repository\org\slf4j\jul-to-slf4j\1.7.30\jul-to-slf4j-1.7.30.jar;F:\Java\maven\maven-repository\jakarta\annotation\jakarta.annotation-api\1.3.5\jakarta.annotation-api-1.3.5.jar;F:\Java\maven\maven-repository\org\springframework\spring-core\5.2.6.RELEASE\spring-core-5.2.6.RELEASE.jar;F:\Java\maven\maven-repository\org\springframework\spring-jcl\5.2.6.RELEASE\spring-jcl-5.2.6.RELEASE.jar;F:\Java\maven\maven-repository\org\yaml\snakeyaml\1.26\snakeyaml-1.26.jar;F:\Java\maven\maven-repository\org\springframework\boot\spring-boot-starter-json\2.3.0.RELEASE\spring-boot-starter-json-2.3.0.RELEASE.jar;F:\Java\maven\maven-repository\com\fasterxml\jackson\core\jackson-databind\2.11.0\jackson-databind-2.11.0.jar;F:\Java\maven\maven-repository\com\fasterxml\jackson\core\jackson-annotations\2.11.0\jackson-annotations-2.11.0.jar;F:\Java\maven\maven-repository\com\fasterxml\jackson\core\jackson-core\2.11.0\jackson-core-2.11.0.jar;F:\Java\maven\maven-repository\com\fasterxml\jackson\datatype\jackson-datatype-jdk8\2.11.0\jackson-datatype-jdk8-2.11.0.jar;F:\Java\maven\maven-repository\com\fasterxml\jackson\datatype\jackson-datatype-jsr310\2.11.0\jackson-datatype-jsr310-2.11.0.jar;F:\Java\maven\maven-repository\com\fasterxml\jackson\module\jackson-module-parameter-names\2.11.0\jackson-module-parameter-names-2.11.0.jar;F:\Java\maven\maven-repository\org\springframework\boot\spring-boot-starter-tomcat\2.3.0.RELEASE\spring-boot-starter-tomcat-2.3.0.RELEASE.jar;F:\Java\maven\maven-repository\org\apache\tomcat\embed\tomcat-embed-core\9.0.35\tomcat-embed-core-9.0.35.jar;F:\Java\maven\maven-repository\org\glassfish\jakarta.el\3.0.3\jakarta.el-3.0.3.jar;F:\Java\maven\maven-repository\org\apache\tomcat\embed\tomcat-embed-websocket\9.0.35\tomcat-embed-websocket-9.0.35.jar;F:\Java\maven\maven-repository\org\springframework\spring-web\5.2.6.RELEASE\spring-web-5.2.6.RELEASE.jar;F:\Java\maven\maven-repository\org\springframework\spring-beans\5.2.6.RELEASE\spring-beans-5.2.6.RELEASE.jar;F:\Java\maven\maven-repository\org\springframework\spring-webmvc\5.2.6.RELEASE\spring-webmvc-5.2.6.RELEASE.jar;F:\Java\maven\maven-repository\org\springframework\spring-aop\5.2.6.RELEASE\spring-aop-5.2.6.RELEASE.jar;F:\Java\maven\maven-repository\org\springframework\spring-context\5.2.6.RELEASE\spring-context-5.2.6.RELEASE.jar;F:\Java\maven\maven-repository\org\springframework\spring-expression\5.2.6.RELEASE\spring-expression-5.2.6.RELEASE.jar;F:\Java\maven\maven-repository\org\springframework\cloud\spring-cloud-starter-openfeign\2.2.3.RELEASE\spring-cloud-starter-openfeign-2.2.3.RELEASE.jar;F:\Java\maven\maven-repository\org\springframework\cloud\spring-cloud-starter\2.2.3.RELEASE\spring-cloud-starter-2.2.3.RELEASE.jar;F:\Java\maven\maven-repository\org\springframework\cloud\spring-cloud-context\2.2.3.RELEASE\spring-cloud-context-2.2.3.RELEASE.jar;F:\Java\maven\maven-repository\org\springframework\security\spring-security-rsa\1.0.9.RELEASE\spring-security-rsa-1.0.9.RELEASE.jar;F:\Java\maven\maven-repository\org\bouncycastle\bcpkix-jdk15on\1.64\bcpkix-jdk15on-1.64.jar;F:\Java\maven\maven-repository\org\bouncycastle\bcprov-jdk15on\1.64\bcprov-jdk15on-1.64.jar;F:\Java\maven\maven-repository\org\springframework\cloud\spring-cloud-openfeign-core\2.2.3.RELEASE\spring-cloud-openfeign-core-2.2.3.RELEASE.jar;F:\Java\maven\maven-repository\org\springframework\cloud\spring-cloud-netflix-ribbon\2.2.3.RELEASE\spring-cloud-netflix-ribbon-2.2.3.RELEASE.jar;F:\Java\maven\maven-repository\org\springframework\cloud\spring-cloud-netflix-archaius\2.2.3.RELEASE\spring-cloud-netflix-archaius-2.2.3.RELEASE.jar;F:\Java\maven\maven-repository\org\springframework\boot\spring-boot-starter-aop\2.3.0.RELEASE\spring-boot-starter-aop-2.3.0.RELEASE.jar;F:\Java\maven\maven-repository\org\aspectj\aspectjweaver\1.9.5\aspectjweaver-1.9.5.jar;F:\Java\maven\maven-repository\io\github\openfeign\form\feign-form-spring\3.8.0\feign-form-spring-3.8.0.jar;F:\Java\maven\maven-repository\io\github\openfeign\form\feign-form\3.8.0\feign-form-3.8.0.jar;F:\Java\maven\maven-repository\commons-fileupload\commons-fileupload\1.4\commons-fileupload-1.4.jar;F:\Java\maven\maven-repository\commons-io\commons-io\2.2\commons-io-2.2.jar;F:\Java\maven\maven-repository\org\springframework\cloud\spring-cloud-commons\2.2.3.RELEASE\spring-cloud-commons-2.2.3.RELEASE.jar;F:\Java\maven\maven-repository\org\springframework\security\spring-security-crypto\5.3.2.RELEASE\spring-security-crypto-5.3.2.RELEASE.jar;F:\Java\maven\maven-repository\io\github\openfeign\feign-core\10.10.1\feign-core-10.10.1.jar;F:\Java\maven\maven-repository\io\github\openfeign\feign-slf4j\10.10.1\feign-slf4j-10.10.1.jar;F:\Java\maven\maven-repository\org\slf4j\slf4j-api\1.7.30\slf4j-api-1.7.30.jar;F:\Java\maven\maven-repository\io\github\openfeign\feign-hystrix\10.10.1\feign-hystrix-10.10.1.jar;F:\Java\maven\maven-repository\com\netflix\archaius\archaius-core\0.7.6\archaius-core-0.7.6.jar;F:\Java\maven\maven-repository\com\google\code\findbugs\jsr305\3.0.1\jsr305-3.0.1.jar;F:\Java\maven\maven-repository\commons-configuration\commons-configuration\1.8\commons-configuration-1.8.jar;F:\Java\maven\maven-repository\commons-lang\commons-lang\2.6\commons-lang-2.6.jar;F:\Java\maven\maven-repository\com\google\guava\guava\29.0-android\guava-29.0-android.jar;F:\Java\maven\maven-repository\com\google\guava\failureaccess\1.0.1\failureaccess-1.0.1.jar;F:\Java\maven\maven-repository\com\google\guava\listenablefuture\9999.0-empty-to-avoid-conflict-with-guava\listenablefuture-9999.0-empty-to-avoid-conflict-with-guava.jar;F:\Java\maven\maven-repository\org\checkerframework\checker-compat-qual\2.5.5\checker-compat-qual-2.5.5.jar;F:\Java\maven\maven-repository\com\google\errorprone\error_prone_annotations\2.3.4\error_prone_annotations-2.3.4.jar;F:\Java\maven\maven-repository\com\google\j2objc\j2objc-annotations\1.3\j2objc-annotations-1.3.jar;F:\Java\maven\maven-repository\com\netflix\hystrix\hystrix-core\1.5.18\hystrix-core-1.5.18.jar;F:\Java\maven\maven-repository\io\reactivex\rxjava\1.3.8\rxjava-1.3.8.jar;F:\Java\maven\maven-repository\org\hdrhistogram\HdrHistogram\2.1.9\HdrHistogram-2.1.9.jar;F:\Java\maven\maven-repository\junit\junit\4.11\junit-4.11.jar;F:\Java\maven\maven-repository\org\hamcrest\hamcrest-core\2.2\hamcrest-core-2.2.jar;F:\Java\maven\maven-repository\org\hamcrest\hamcrest\2.2\hamcrest-2.2.jar;"/>
    <property name="sun.cpu.endian" value="little"/>
    <property name="user.home" value="C:\Users\lenovo"/>
    <property name="user.language" value="zh"/>
    <property name="java.specification.vendor" value="Oracle Corporation"/>
    <property name="java.home" value="C:\Program Files\Java\jdk1.8.0_131\jre"/>
    <property name="basedir" value="E:\JAVA\IDEA\worksapce\spring-cloud-netflix\spring-cloud-order-serivce-8082\order-service-api"/>
    <property name="file.separator" value="\"/>
    <property name="line.separator" value="&#10;"/>
    <property name="java.vm.specification.vendor" value="Oracle Corporation"/>
    <property name="java.specification.name" value="Java Platform API Specification"/>
    <property name="java.awt.graphicsenv" value="sun.awt.Win32GraphicsEnvironment"/>
    <property name="surefire.real.class.path" value="C:\Users\lenovo\AppData\Local\Temp\surefire8471383567503313162\surefirebooter4306344512630350831.jar"/>
    <property name="sun.boot.class.path" value="C:\Program Files\Java\jdk1.8.0_131\jre\lib\resources.jar;C:\Program Files\Java\jdk1.8.0_131\jre\lib\rt.jar;C:\Program Files\Java\jdk1.8.0_131\jre\lib\sunrsasign.jar;C:\Program Files\Java\jdk1.8.0_131\jre\lib\jsse.jar;C:\Program Files\Java\jdk1.8.0_131\jre\lib\jce.jar;C:\Program Files\Java\jdk1.8.0_131\jre\lib\charsets.jar;C:\Program Files\Java\jdk1.8.0_131\jre\lib\jfr.jar;C:\Program Files\Java\jdk1.8.0_131\jre\classes"/>
    <property name="user.script" value=""/>
    <property name="sun.management.compiler" value="HotSpot 64-Bit Tiered Compilers"/>
    <property name="java.runtime.version" value="1.8.0_131-b11"/>
    <property name="user.name" value="lenovo"/>
    <property name="path.separator" value=";"/>
    <property name="os.version" value="10.0"/>
    <property name="java.endorsed.dirs" value="C:\Program Files\Java\jdk1.8.0_131\jre\lib\endorsed"/>
    <property name="java.runtime.name" value="Java(TM) SE Runtime Environment"/>
    <property name="file.encoding" value="GBK"/>
    <property name="java.vm.name" value="Java HotSpot(TM) 64-Bit Server VM"/>
    <property name="localRepository" value="F:\Java\maven\maven-repository"/>
    <property name="java.vendor.url.bug" value="http://bugreport.sun.com/bugreport/"/>
    <property name="java.io.tmpdir" value="C:\Users\lenovo\AppData\Local\Temp\"/>
    <property name="idea.version" value="2018.3.5"/>
    <property name="java.version" value="1.8.0_131"/>
    <property name="user.dir" value="E:\JAVA\IDEA\worksapce\spring-cloud-netflix\spring-cloud-order-serivce-8082\order-service-api"/>
    <property name="os.arch" value="amd64"/>
    <property name="java.vm.specification.name" value="Java Virtual Machine Specification"/>
    <property name="java.awt.printerjob" value="sun.awt.windows.WPrinterJob"/>
    <property name="sun.os.patch.level" value=""/>
    <property name="java.library.path" value="C:\Program Files\Java\jdk1.8.0_131\jre\bin;C:\WINDOWS\Sun\Java\bin;C:\WINDOWS\system32;C:\WINDOWS;C:\ProgramData\Oracle\Java\javapath;C:\WINDOWS\system32;C:\WINDOWS;C:\WINDOWS\System32\Wbem;C:\WINDOWS\System32\WindowsPowerShell\v1.0\;C:\WINDOWS\System32\OpenSSH\;C:\Program Files\Java\jdk1.8.0_131\bin;C:\Program Files\Java\jdk1.8.0_131\jre\bin;E:\JAVA\maven-3.2.5\apache-maven-3.2.5-bin\apache-maven-3.2.5\bin\;E:\JAVA\GPPlugin\gradle-4.3.1-bin\gradle-4.3.1\bin;E:\JAVA\Scala\installPackage\bin;E:\JAVA\Spark\spark-2.3.3-bin-hadoop2.7\bin;E:\JAVA\Hadoop\hadoop-2.8.5\bin;E:\JAVA\Erlang\installPackage\erl9.2\bin;E:\JAVA\RabbitMQ\installPackage\RabbitMQ Server\rabbitmq_server-3.7.3\sbin;E:\JAVA\Vagrant\installPackage\Vagrant\bin;C:\Users\lenovo\AppData\Local\Microsoft\WindowsApps;E:\JAVA\IDEA\installPackage\IntelliJ IDEA 2018.3.5\bin;;C:\Program Files (x86)\MySQL\MySQL Server 5.1\bin;;."/>
    <property name="java.vm.info" value="mixed mode"/>
    <property name="java.vendor" value="Oracle Corporation"/>
    <property name="java.vm.version" value="25.131-b11"/>
    <property name="java.ext.dirs" value="C:\Program Files\Java\jdk1.8.0_131\jre\lib\ext;C:\WINDOWS\Sun\Java\lib\ext"/>
    <property name="sun.io.unicode.encoding" value="UnicodeLittle"/>
    <property name="java.class.version" value="52.0"/>
  </properties>
  <testcase name="shouldAnswerWithTrue" classname="com.springcloud.AppTest" time="0.004"/>
</testsuite>